==============================================
Atlantis pipeline — Tue Mar 17 02:20:37 UTC 2026
  Tile:     tile_54.6050_18.2300
  Job ID:   1570_1
  Node:     eureka2
  Project:  /home/clg_98da5933b7a1/project-atlantis
  Workdir:  /tmp/atlantis_1570_1
  Batch sz: 2
==============================================
Activated venv: /home/clg_98da5933b7a1/venv_cdse/bin/python

============================================================
[tile] tile_54.6050_18.2300  bbox=[54.605, 18.23, 54.66, 18.28]  500x500px
[tile] Working in: /tmp/atlantis_1570_1/atlantis_slurm-1570_1/tile_54.6050_18.2300
============================================================

[run] /home/clg_98da5933b7a1/venv_cdse/bin/python /home/clg_98da5933b7a1/project-atlantis/scripts/fetch_s1_tile.py tile_54.6050_18.2300 --bbox 54.605 18.23 54.66 18.28 --data-dir /tmp/atlantis_1570_1/atlantis_slurm-1570_1 --size 500
Fetching 12 images for tile_54.6050_18.2300 at 500x500 px
Bbox: [54.605, 18.23, 54.66, 18.28]
Token obtained.
  [1/12] 2019-01-01 to 2019-01-15 ... OK (1.9 MB)
  [2/12] 2019-09-01 to 2019-09-15 ... OK (1.9 MB)
  [3/12] 2020-05-01 to 2020-05-15 ... OK (1.9 MB)
  [4/12] 2020-12-30 to 2021-01-13 ... OK (1.9 MB)
  [5/12] 2021-08-30 to 2021-09-13 ... OK (1.9 MB)
  [6/12] 2022-04-30 to 2022-05-14 ... 