Traceback (most recent call last):
  File "/home/clg_98da5933b7a1/venv_cdse/lib/python3.11/site-packages/urllib3/connection.py", line 204, in _new_conn
    sock = connection.create_connection(
           ^^^^^^^^^^^^^^^^^^^^^^^^^^^^^
  File "/home/clg_98da5933b7a1/venv_cdse/lib/python3.11/site-packages/urllib3/util/connection.py", line 60, in create_connection
    for res in socket.getaddrinfo(host, port, family, socket.SOCK_STREAM):
               ^^^^^^^^^^^^^^^^^^^^^^^^^^^^^^^^^^^^^^^^^^^^^^^^^^^^^^^^^^
  File "/cvmfs/soft.computecanada.ca/gentoo/2023/x86-64-v3/usr/lib/python3.11/socket.py", line 962, in getaddrinfo
    for res in _socket.getaddrinfo(host, port, family, type, proto, flags):
               ^^^^^^^^^^^^^^^^^^^^^^^^^^^^^^^^^^^^^^^^^^^^^^^^^^^^^^^^^^^
socket.gaierror: [Errno -2] Name or service not known

The above exception was the direct cause of the following exception:

Traceback (most recent call last):
  File "/home/clg_98da5933b7a1/venv_cdse/lib/python3.11/site-packages/urllib3/connectionpool.py", line 773, in urlopen
    self._prepare_proxy(conn)
  File "/home/clg_98da5933b7a1/venv_cdse/lib/python3.11/site-packages/urllib3/connectionpool.py", line 1042, in _prepare_proxy
    conn.connect()
  File "/home/clg_98da5933b7a1/venv_cdse/lib/python3.11/site-packages/urllib3/connection.py", line 759, in connect
    self.sock = sock = self._new_conn()
                       ^^^^^^^^^^^^^^^^
  File "/home/clg_98da5933b7a1/venv_cdse/lib/python3.11/site-packages/urllib3/connection.py", line 211, in _new_conn
    raise NameResolutionError(self.host, self, e) from e
urllib3.exceptions.NameResolutionError: HTTPSConnection(host='squid', port=3128): Failed to resolve 'squid' ([Errno -2] Name or service not known)

The above exception was the direct cause of the following exception:

urllib3.exceptions.ProxyError: ('Unable to connect to proxy', NameResolutionError("HTTPSConnection(host='squid', port=3128): Failed to resolve 'squid' ([Errno -2] Name or service not known)"))

The above exception was the direct cause of the following exception:

Traceback (most recent call last):
  File "/home/clg_98da5933b7a1/venv_cdse/lib/python3.11/site-packages/requests/adapters.py", line 644, in send
    resp = conn.urlopen(
           ^^^^^^^^^^^^^
  File "/home/clg_98da5933b7a1/venv_cdse/lib/python3.11/site-packages/urllib3/connectionpool.py", line 841, in urlopen
    retries = retries.increment(
              ^^^^^^^^^^^^^^^^^^
  File "/home/clg_98da5933b7a1/venv_cdse/lib/python3.11/site-packages/urllib3/util/retry.py", line 535, in increment
    raise MaxRetryError(_pool, url, reason) from reason  # type: ignore[arg-type]
    ^^^^^^^^^^^^^^^^^^^^^^^^^^^^^^^^^^^^^^^^^^^^^^^^^^^
urllib3.exceptions.MaxRetryError: HTTPSConnectionPool(host='identity.dataspace.copernicus.eu', port=443): Max retries exceeded with url: /auth/realms/CDSE/protocol/openid-connect/token (Caused by ProxyError('Unable to connect to proxy', NameResolutionError("HTTPSConnection(host='squid', port=3128): Failed to resolve 'squid' ([Errno -2] Name or service not known)")))

During handling of the above exception, another exception occurred:

Traceback (most recent call last):
  File "/home/clg_98da5933b7a1/project-atlantis/scripts/fetch_s1_tile.py", line 163, in <module>
    main()
  File "/home/clg_98da5933b7a1/project-atlantis/scripts/fetch_s1_tile.py", line 133, in main
    token = get_token(client_id, client_secret)
            ^^^^^^^^^^^^^^^^^^^^^^^^^^^^^^^^^^^
  File "/home/clg_98da5933b7a1/project-atlantis/scripts/fetch_s1_tile.py", line 33, in get_token
    r = requests.post(
        ^^^^^^^^^^^^^^
  File "/home/clg_98da5933b7a1/venv_cdse/lib/python3.11/site-packages/requests/api.py", line 115, in post
    return request("post", url, data=data, json=json, **kwargs)
           ^^^^^^^^^^^^^^^^^^^^^^^^^^^^^^^^^^^^^^^^^^^^^^^^^^^^
  File "/home/clg_98da5933b7a1/venv_cdse/lib/python3.11/site-packages/requests/api.py", line 59, in request
    return session.request(method=method, url=url, **kwargs)
           ^^^^^^^^^^^^^^^^^^^^^^^^^^^^^^^^^^^^^^^^^^^^^^^^^
  File "/home/clg_98da5933b7a1/venv_cdse/lib/python3.11/site-packages/requests/sessions.py", line 589, in request
    resp = self.send(prep, **send_kwargs)
           ^^^^^^^^^^^^^^^^^^^^^^^^^^^^^^
  File "/home/clg_98da5933b7a1/venv_cdse/lib/python3.11/site-packages/requests/sessions.py", line 703, in send
    r = adapter.send(request, **kwargs)
        ^^^^^^^^^^^^^^^^^^^^^^^^^^^^^^^
  File "/home/clg_98da5933b7a1/venv_cdse/lib/python3.11/site-packages/requests/adapters.py", line 671, in send
    raise ProxyError(e, request=request)
requests.exceptions.ProxyError: HTTPSConnectionPool(host='identity.dataspace.copernicus.eu', port=443): Max retries exceeded with url: /auth/realms/CDSE/protocol/openid-connect/token (Caused by ProxyError('Unable to connect to proxy', NameResolutionError("HTTPSConnection(host='squid', port=3128): Failed to resolve 'squid' ([Errno -2] Name or service not known)")))
Traceback (most recent call last):
  File "/home/clg_98da5933b7a1/project-atlantis/scripts/run_pipeline.py", line 351, in <module>
    main()
  File "/home/clg_98da5933b7a1/project-atlantis/scripts/run_pipeline.py", line 287, in main
    process_one_tile_v3(tile, scan_config, worker_id, workdir=args.workdir)
  File "/home/clg_98da5933b7a1/project-atlantis/scripts/run_pipeline.py", line 173, in process_one_tile_v3
    run([sys.executable, os.path.join(SCRIPT_DIR, "fetch_s1_tile.py"),
  File "/home/clg_98da5933b7a1/project-atlantis/scripts/run_pipeline.py", line 40, in run
    raise RuntimeError(f"Command failed ({r.returncode}): {' '.join(cmd)}")
RuntimeError: Command failed (1): /home/clg_98da5933b7a1/venv_cdse/bin/python /home/clg_98da5933b7a1/project-atlantis/scripts/fetch_s1_tile.py tile_31.8500_30.9550 --bbox 31.85 30.955 31.905 31.0 --data-dir /tmp/atlantis_1560/atlantis_slurm-1560 --size 500
